C51 COMPILER V8.05a   LCD                                                                  04/18/2020 00:39:40 PAGE 1   


C51 COMPILER V8.05a, COMPILATION OF MODULE LCD
OBJECT MODULE PLACED IN lcd.OBJ
COMPILER INVOKED BY: C:\Keil\C51\BIN\C51.EXE lcd.c BROWSE DEBUG OBJECTEXTEND

line level    source

   1          #include<reg52.h>
   2          // SETTING RS,RW,ENABLE PIN TO RESPECTIVE PINS OF PORT 2
   3          sbit RS=P2^0;
   4          sbit RW=P2^1;
   5          sbit E=P2^2;
   6          
   7          void send_command(unsigned int com);
   8          void send_data(unsigned int ata);
   9          void delay_ms(unsigned int time);
  10          
  11          
  12          void main(){
  13   1                      //SETTING UP LCD DISPLAY 2*16(5*7 MATRIX)
  14   1                      send_command(0x38);
  15   1      
  16   1                      //DISPLAY ON CURSOR BLINK
  17   1                      send_command(0x0E);
  18   1      
  19   1                      //CLEAR DISPLAY SCREEN COMMAND
  20   1                      send_command(0x01);
  21   1                      //SENDING THE CHARACTER FOR DISPLAY
  22   1                      while(1){
  23   2                              //FORCING CURSOR TO DISPLAY ON FIRST LINE
  24   2                              send_command(0x80);
  25   2                              //PRINTING CHARACTER ON FIRST LINE OF LCD 
  26   2                              send_data('F');
  27   2                              send_data('U');
  28   2                              send_data('C');
  29   2                              send_data('K');
  30   2      
  31   2                              //FORCING CURSOR TO DISPLAY ON SECOND LINE
  32   2                              send_command(0xC0);
  33   2                              //DISPLAYING CHARACTERS ON SECOND LINE
  34   2                              send_data('Y');
  35   2                              send_data('O');
  36   2                              send_data('U');
  37   2                      }
  38   1      
  39   1      
  40   1      }
  41          //DEFINING THE FUNCTION FOR SENDING  COMMAND
  42          void send_command(unsigned int com){
  43   1              P1=com;//SENDING THE COMMAND TO THE PORT
  44   1              RW=0;//ENABLING THE WRITE MODE
  45   1              RS=0;//SELECTING COMMAND REGISTER FOR DATA TRANSFER
  46   1              E=1;//ENABLING THE PIN TO LOAD THE DATA TO THE REGISTER
  47   1              delay_ms(10);
  48   1              E=0;
  49   1      
  50   1      }
  51          
  52          //DEFINING THE FUNCTION FOR SENDING DATA
  53          void send_data(unsigned int ata){
  54   1              P1=ata;//SENDING THE COMMAND TO THE PORT
  55   1              RW=0;//ENABLING THE WRITE MODE
C51 COMPILER V8.05a   LCD                                                                  04/18/2020 00:39:40 PAGE 2   

  56   1              RS=1;//SELECTING DATAREGISTER FOR DATA TRANSFER
  57   1              E=1;//ENABLING THE PIN TO LOAD THE DATA TO THE REGISTER
  58   1              delay_ms(10);
  59   1              E=0;
  60   1      
  61   1      }
  62          
  63          void delay_ms(unsigned int time){
  64   1              //DELAY IN ms
  65   1              unsigned int i,j;
  66   1              for(i=0;i<time;i++){
  67   2                      for(j=0;j<time;j++);
  68   2              }
  69   1      }
  70          
  71          


MODULE INFORMATION:   STATIC OVERLAYABLE
   CODE SIZE        =    151    ----
   CONSTANT SIZE    =   ----    ----
   XDATA SIZE       =   ----    ----
   PDATA SIZE       =   ----    ----
   DATA SIZE        =   ----    ----
   IDATA SIZE       =   ----    ----
   BIT SIZE         =   ----    ----
END OF MODULE INFORMATION.


C51 COMPILATION COMPLETE.  0 WARNING(S),  0 ERROR(S)
